components/CorporateMode.tsx(225,22): error TS2554: Expected 1 arguments, but got 0.
components/seo/ArenaPromo.tsx(3,25): error TS2307: Cannot find module '../types' or its corresponding type declarations.
components/seo/CybersportPromo.tsx(3,25): error TS2307: Cannot find module '../types' or its corresponding type declarations.
components/seo/MvpPromo.tsx(3,25): error TS2307: Cannot find module '../types' or its corresponding type declarations.
